This is pdfTeX, Version 3.14159265-2.6-1.40.21 (TeX Live 2020/Debian) (preloaded format=pdflatex 2021.9.24)  2 OCT 2021 02:56
entering extended mode
 restricted \write18 enabled.
 file:line:error style messages enabled.
 %&-line parsing enabled.
**HW2.tex
(./HW2.tex
LaTeX2e <2020-10-01> patch level 4
L3 programming layer <2021-01-09> xparse <2020-03-03> (/usr/share/texlive/texmf-dist/tex/latex/base/article.cls
Document Class: article 2020/04/10 v1.4m Standard LaTeX document class
(/usr/share/texlive/texmf-dist/tex/latex/base/size10.clo
File: size10.clo 2020/04/10 v1.4m Standard LaTeX file (size option)
)
\c@part=\count177
\c@section=\count178
\c@subsection=\count179
\c@subsubsection=\count180
\c@paragraph=\count181
\c@subparagraph=\count182
\c@figure=\count183
\c@table=\count184
\abovecaptionskip=\skip47
\belowcaptionskip=\skip48
\bibindent=\dimen138
) (/usr/share/texlive/texmf-dist/tex/latex/geometry/geometry.sty
Package: geometry 2020/01/02 v5.9 Page Geometry
 (/usr/share/texlive/texmf-dist/tex/latex/graphics/keyval.sty
Package: keyval 2014/10/28 v1.15 key=value parser (DPC)
\KV@toks@=\toks15
) (/usr/share/texlive/texmf-dist/tex/generic/iftex/ifvtex.sty
Package: ifvtex 2019/10/25 v1.7 ifvtex legacy package. Use iftex instead.
 (/usr/share/texlive/texmf-dist/tex/generic/iftex/iftex.sty
Package: iftex 2020/03/06 v1.0d TeX engine tests
))
\Gm@cnth=\count185
\Gm@cntv=\count186
\c@Gm@tempcnt=\count187
\Gm@bindingoffset=\dimen139
\Gm@wd@mp=\dimen140
\Gm@odd@mp=\dimen141
\Gm@even@mp=\dimen142
\Gm@layoutwidth=\dimen143
\Gm@layoutheight=\dimen144
\Gm@layouthoffset=\dimen145
\Gm@layoutvoffset=\dimen146
\Gm@dimlist=\toks16
) (/usr/share/texlive/texmf-dist/tex/latex/amsmath/amsmath.sty
Package: amsmath 2020/09/23 v2.17i AMS math features
\@mathmargin=\skip49

For additional information on amsmath, use the `?' option.
(/usr/share/texlive/texmf-dist/tex/latex/amsmath/amstext.sty
Package: amstext 2000/06/29 v2.01 AMS text
 (/usr/share/texlive/texmf-dist/tex/latex/amsmath/amsgen.sty
File: amsgen.sty 1999/11/30 v2.0 generic functions
\@emptytoks=\toks17
\ex@=\dimen147
)) (/usr/share/texlive/texmf-dist/tex/latex/amsmath/amsbsy.sty
Package: amsbsy 1999/11/29 v1.2d Bold Symbols
\pmbraise@=\dimen148
) (/usr/share/texlive/texmf-dist/tex/latex/amsmath/amsopn.sty
Package: amsopn 2016/03/08 v2.02 operator names
)
\inf@bad=\count188
LaTeX Info: Redefining \frac on input line 234.
\uproot@=\count189
\leftroot@=\count190
LaTeX Info: Redefining \overline on input line 399.
\classnum@=\count191
\DOTSCASE@=\count192
LaTeX Info: Redefining \ldots on input line 496.
LaTeX Info: Redefining \dots on input line 499.
LaTeX Info: Redefining \cdots on input line 620.
\Mathstrutbox@=\box47
\strutbox@=\box48
\big@size=\dimen149
LaTeX Font Info:    Redeclaring font encoding OML on input line 743.
LaTeX Font Info:    Redeclaring font encoding OMS on input line 744.
\macc@depth=\count193
\c@MaxMatrixCols=\count194
\dotsspace@=\muskip16
\c@parentequation=\count195
\dspbrk@lvl=\count196
\tag@help=\toks18
\row@=\count197
\column@=\count198
\maxfields@=\count199
\andhelp@=\toks19
\eqnshift@=\dimen150
\alignsep@=\dimen151
\tagshift@=\dimen152
\tagwidth@=\dimen153
\totwidth@=\dimen154
\lineht@=\dimen155
\@envbody=\toks20
\multlinegap=\skip50
\multlinetaggap=\skip51
\mathdisplay@stack=\toks21
LaTeX Info: Redefining \[ on input line 2923.
LaTeX Info: Redefining \] on input line 2924.
) (/usr/share/texlive/texmf-dist/tex/latex/amscls/amsthm.sty
Package: amsthm 2020/05/29 v2.20.6
\thm@style=\toks22
\thm@bodyfont=\toks23
\thm@headfont=\toks24
\thm@notefont=\toks25
\thm@headpunct=\toks26
\thm@preskip=\skip52
\thm@postskip=\skip53
\thm@headsep=\skip54
\dth@everypar=\toks27
) (/usr/share/texlive/texmf-dist/tex/latex/tools/verbatim.sty
Package: verbatim 2020-07-07 v1.5u LaTeX2e package for verbatim enhancements
\every@verbatim=\toks28
\verbatim@line=\toks29
\verbatim@in@stream=\read2
) (/usr/share/texlive/texmf-dist/tex/latex/tools/enumerate.sty
Package: enumerate 2015/07/23 v3.00 enumerate extensions (DPC)
\@enLab=\toks30
) (/usr/share/texlive/texmf-dist/tex/latex/totcount/totcount.sty
Package: totcount 2011/01/25 v1.2 package for gettingthe total value of LaTeX counters
) (/usr/share/texlive/texmf-dist/tex/latex/xcolor/xcolor.sty
Package: xcolor 2016/05/11 v2.12 LaTeX color extensions (UK)
 (/usr/share/texlive/texmf-dist/tex/latex/graphics-cfg/color.cfg
File: color.cfg 2016/01/02 v1.6 sample color configuration
)
Package xcolor Info: Package option `usenames' ignored on input line 216.
Package xcolor Info: Driver file: pdftex.def on input line 225.
 (/usr/share/texlive/texmf-dist/tex/latex/graphics-def/pdftex.def
File: pdftex.def 2020/10/05 v1.2a Graphics/color driver for pdftex
)
Package xcolor Info: Model `cmy' substituted by `cmy0' on input line 1348.
Package xcolor Info: Model `hsb' substituted by `rgb' on input line 1352.
Package xcolor Info: Model `RGB' extended on input line 1364.
Package xcolor Info: Model `HTML' substituted by `rgb' on input line 1366.
Package xcolor Info: Model `Hsb' substituted by `hsb' on input line 1367.
Package xcolor Info: Model `tHsb' substituted by `hsb' on input line 1368.
Package xcolor Info: Model `HSB' substituted by `hsb' on input line 1369.
Package xcolor Info: Model `Gray' substituted by `gray' on input line 1370.
Package xcolor Info: Model `wave' substituted by `hsb' on input line 1371.
 (/usr/share/texlive/texmf-dist/tex/latex/graphics/dvipsnam.def
File: dvipsnam.def 2016/06/17 v3.0m Driver-dependent file (DPC,SPQR)
)) (/usr/share/texlive/texmf-dist/tex/latex/pgf/frontendlayer/tikz.sty (/usr/share/texlive/texmf-dist/tex/latex/pgf/basiclayer/pgf.sty (/usr/share/texlive/texmf-dist/tex/latex/pgf/utilities/pgfrcs.sty (/usr/share/texlive/texmf-dist/tex/generic/pgf/utilities/pgfutil-common.tex
\pgfutil@everybye=\toks31
\pgfutil@tempdima=\dimen156
\pgfutil@tempdimb=\dimen157
 (/usr/share/texlive/texmf-dist/tex/generic/pgf/utilities/pgfutil-common-lists.tex)) (/usr/share/texlive/texmf-dist/tex/generic/pgf/utilities/pgfutil-latex.def
\pgfutil@abb=\box49
) (/usr/share/texlive/texmf-dist/tex/generic/pgf/utilities/pgfrcs.code.tex (/usr/share/texlive/texmf-dist/tex/generic/pgf/pgf.revision.tex)
Package: pgfrcs 2020/12/27 v3.1.8b (3.1.8b)
))
Package: pgf 2020/12/27 v3.1.8b (3.1.8b)
 (/usr/share/texlive/texmf-dist/tex/latex/pgf/basiclayer/pgfcore.sty (/usr/share/texlive/texmf-dist/tex/latex/graphics/graphicx.sty
Package: graphicx 2020/09/09 v1.2b Enhanced LaTeX Graphics (DPC,SPQR)
 (/usr/share/texlive/texmf-dist/tex/latex/graphics/graphics.sty
Package: graphics 2020/08/30 v1.4c Standard LaTeX Graphics (DPC,SPQR)
 (/usr/share/texlive/texmf-dist/tex/latex/graphics/trig.sty
Package: trig 2016/01/03 v1.10 sin cos tan (DPC)
) (/usr/share/texlive/texmf-dist/tex/latex/graphics-cfg/graphics.cfg
File: graphics.cfg 2016/06/04 v1.11 sample graphics configuration
)
Package graphics Info: Driver file: pdftex.def on input line 105.
)
\Gin@req@height=\dimen158
\Gin@req@width=\dimen159
) (/usr/share/texlive/texmf-dist/tex/latex/pgf/systemlayer/pgfsys.sty (/usr/share/texlive/texmf-dist/tex/generic/pgf/systemlayer/pgfsys.code.tex
Package: pgfsys 2020/12/27 v3.1.8b (3.1.8b)
 (/usr/share/texlive/texmf-dist/tex/generic/pgf/utilities/pgfkeys.code.tex
\pgfkeys@pathtoks=\toks32
\pgfkeys@temptoks=\toks33
 (/usr/share/texlive/texmf-dist/tex/generic/pgf/utilities/pgfkeysfiltered.code.tex
\pgfkeys@tmptoks=\toks34
))
\pgf@x=\dimen160
\pgf@y=\dimen161
\pgf@xa=\dimen162
\pgf@ya=\dimen163
\pgf@xb=\dimen164
\pgf@yb=\dimen165
\pgf@xc=\dimen166
\pgf@yc=\dimen167
\pgf@xd=\dimen168
\pgf@yd=\dimen169
\w@pgf@writea=\write3
\r@pgf@reada=\read3
\c@pgf@counta=\count266
\c@pgf@countb=\count267
\c@pgf@countc=\count268
\c@pgf@countd=\count269
\t@pgf@toka=\toks35
\t@pgf@tokb=\toks36
\t@pgf@tokc=\toks37
\pgf@sys@id@count=\count270

(/usr/share/texlive/texmf-dist/tex/generic/pgf/systemlayer/pgf.cfg
File: pgf.cfg 2020/12/27 v3.1.8b (3.1.8b)
)
Driver file for pgf: pgfsys-pdftex.def
 (/usr/share/texlive/texmf-dist/tex/generic/pgf/systemlayer/pgfsys-pdftex.def
File: pgfsys-pdftex.def 2020/12/27 v3.1.8b (3.1.8b)
 (/usr/share/texlive/texmf-dist/tex/generic/pgf/systemlayer/pgfsys-common-pdf.def
File: pgfsys-common-pdf.def 2020/12/27 v3.1.8b (3.1.8b)
))) (/usr/share/texlive/texmf-dist/tex/generic/pgf/systemlayer/pgfsyssoftpath.code.tex
File: pgfsyssoftpath.code.tex 2020/12/27 v3.1.8b (3.1.8b)
\pgfsyssoftpath@smallbuffer@items=\count271
\pgfsyssoftpath@bigbuffer@items=\count272
) (/usr/share/texlive/texmf-dist/tex/generic/pgf/systemlayer/pgfsysprotocol.code.tex
File: pgfsysprotocol.code.tex 2020/12/27 v3.1.8b (3.1.8b)
)) (/usr/share/texlive/texmf-dist/tex/generic/pgf/basiclayer/pgfcore.code.tex
Package: pgfcore 2020/12/27 v3.1.8b (3.1.8b)
 (/usr/share/texlive/texmf-dist/tex/generic/pgf/math/pgfmath.code.tex (/usr/share/texlive/texmf-dist/tex/generic/pgf/math/pgfmathcalc.code.tex (/usr/share/texlive/texmf-dist/tex/generic/pgf/math/pgfmathutil.code.tex) (/usr/share/texlive/texmf-dist/tex/generic/pgf/math/pgfmathparser.code.tex
\pgfmath@dimen=\dimen170
\pgfmath@count=\count273
\pgfmath@box=\box50
\pgfmath@toks=\toks38
\pgfmath@stack@operand=\toks39
\pgfmath@stack@operation=\toks40
) (/usr/share/texlive/texmf-dist/tex/generic/pgf/math/pgfmathfunctions.code.tex (/usr/share/texlive/texmf-dist/tex/generic/pgf/math/pgfmathfunctions.basic.code.tex) (/usr/share/texlive/texmf-dist/tex/generic/pgf/math/pgfmathfunctions.trigonometric.code.tex) (/usr/share/texlive/texmf-dist/tex/generic/pgf/math/pgfmathfunctions.random.code.tex) (/usr/share/texlive/texmf-dist/tex/generic/pgf/math/pgfmathfunctions.comparison.code.tex) (/usr/share/texlive/texmf-dist/tex/generic/pgf/math/pgfmathfunctions.base.code.tex) (/usr/share/texlive/texmf-dist/tex/generic/pgf/math/pgfmathfunctions.round.code.tex) (/usr/share/texlive/texmf-dist/tex/generic/pgf/math/pgfmathfunctions.misc.code.tex) (/usr/share/texlive/texmf-dist/tex/generic/pgf/math/pgfmathfunctions.integerarithmetics.code.tex))) (/usr/share/texlive/texmf-dist/tex/generic/pgf/math/pgfmathfloat.code.tex
\c@pgfmathroundto@lastzeros=\count274
)) (/usr/share/texlive/texmf-dist/tex/generic/pgf/math/pgfint.code.tex) (/usr/share/texlive/texmf-dist/tex/generic/pgf/basiclayer/pgfcorepoints.code.tex
File: pgfcorepoints.code.tex 2020/12/27 v3.1.8b (3.1.8b)
\pgf@picminx=\dimen171
\pgf@picmaxx=\dimen172
\pgf@picminy=\dimen173
\pgf@picmaxy=\dimen174
\pgf@pathminx=\dimen175
\pgf@pathmaxx=\dimen176
\pgf@pathminy=\dimen177
\pgf@pathmaxy=\dimen178
\pgf@xx=\dimen179
\pgf@xy=\dimen180
\pgf@yx=\dimen181
\pgf@yy=\dimen182
\pgf@zx=\dimen183
\pgf@zy=\dimen184
) (/usr/share/texlive/texmf-dist/tex/generic/pgf/basiclayer/pgfcorepathconstruct.code.tex
File: pgfcorepathconstruct.code.tex 2020/12/27 v3.1.8b (3.1.8b)
\pgf@path@lastx=\dimen185
\pgf@path@lasty=\dimen186
) (/usr/share/texlive/texmf-dist/tex/generic/pgf/basiclayer/pgfcorepathusage.code.tex
File: pgfcorepathusage.code.tex 2020/12/27 v3.1.8b (3.1.8b)
\pgf@shorten@end@additional=\dimen187
\pgf@shorten@start@additional=\dimen188
)
(/usr/share/texlive/texmf-dist/tex/generic/pgf/basiclayer/pgfcorescopes.code.tex
File: pgfcorescopes.code.tex 2020/12/27 v3.1.8b (3.1.8b)
\pgfpic=\box51
\pgf@hbox=\box52
\pgf@layerbox@main=\box53
\pgf@picture@serial@count=\count275
) (/usr/share/texlive/texmf-dist/tex/generic/pgf/basiclayer/pgfcoregraphicstate.code.tex
File: pgfcoregraphicstate.code.tex 2020/12/27 v3.1.8b (3.1.8b)
\pgflinewidth=\dimen189
) (/usr/share/texlive/texmf-dist/tex/generic/pgf/basiclayer/pgfcoretransformations.code.tex
File: pgfcoretransformations.code.tex 2020/12/27 v3.1.8b (3.1.8b)
\pgf@pt@x=\dimen190
\pgf@pt@y=\dimen191
\pgf@pt@temp=\dimen192
) (/usr/share/texlive/texmf-dist/tex/generic/pgf/basiclayer/pgfcorequick.code.tex
File: pgfcorequick.code.tex 2020/12/27 v3.1.8b (3.1.8b)
) (/usr/share/texlive/texmf-dist/tex/generic/pgf/basiclayer/pgfcoreobjects.code.tex
File: pgfcoreobjects.code.tex 2020/12/27 v3.1.8b (3.1.8b)
) (/usr/share/texlive/texmf-dist/tex/generic/pgf/basiclayer/pgfcorepathprocessing.code.tex
File: pgfcorepathprocessing.code.tex 2020/12/27 v3.1.8b (3.1.8b)
) (/usr/share/texlive/texmf-dist/tex/generic/pgf/basiclayer/pgfcorearrows.code.tex
File: pgfcorearrows.code.tex 2020/12/27 v3.1.8b (3.1.8b)
\pgfarrowsep=\dimen193
) (/usr/share/texlive/texmf-dist/tex/generic/pgf/basiclayer/pgfcoreshade.code.tex
File: pgfcoreshade.code.tex 2020/12/27 v3.1.8b (3.1.8b)
\pgf@max=\dimen194
\pgf@sys@shading@range@num=\count276
\pgf@shadingcount=\count277
) (/usr/share/texlive/texmf-dist/tex/generic/pgf/basiclayer/pgfcoreimage.code.tex
File: pgfcoreimage.code.tex 2020/12/27 v3.1.8b (3.1.8b)
 (/usr/share/texlive/texmf-dist/tex/generic/pgf/basiclayer/pgfcoreexternal.code.tex
File: pgfcoreexternal.code.tex 2020/12/27 v3.1.8b (3.1.8b)
\pgfexternal@startupbox=\box54
)) (/usr/share/texlive/texmf-dist/tex/generic/pgf/basiclayer/pgfcorelayers.code.tex
File: pgfcorelayers.code.tex 2020/12/27 v3.1.8b (3.1.8b)
) (/usr/share/texlive/texmf-dist/tex/generic/pgf/basiclayer/pgfcoretransparency.code.tex
File: pgfcoretransparency.code.tex 2020/12/27 v3.1.8b (3.1.8b)
) (/usr/share/texlive/texmf-dist/tex/generic/pgf/basiclayer/pgfcorepatterns.code.tex
File: pgfcorepatterns.code.tex 2020/12/27 v3.1.8b (3.1.8b)
) (/usr/share/texlive/texmf-dist/tex/generic/pgf/basiclayer/pgfcorerdf.code.tex
File: pgfcorerdf.code.tex 2020/12/27 v3.1.8b (3.1.8b)
))) (/usr/share/texlive/texmf-dist/tex/generic/pgf/modules/pgfmoduleshapes.code.tex
File: pgfmoduleshapes.code.tex 2020/12/27 v3.1.8b (3.1.8b)
\pgfnodeparttextbox=\box55
) (/usr/share/texlive/texmf-dist/tex/generic/pgf/modules/pgfmoduleplot.code.tex
File: pgfmoduleplot.code.tex 2020/12/27 v3.1.8b (3.1.8b)
) (/usr/share/texlive/texmf-dist/tex/latex/pgf/compatibility/pgfcomp-version-0-65.sty
Package: pgfcomp-version-0-65 2020/12/27 v3.1.8b (3.1.8b)
\pgf@nodesepstart=\dimen195
\pgf@nodesepend=\dimen196
) (/usr/share/texlive/texmf-dist/tex/latex/pgf/compatibility/pgfcomp-version-1-18.sty
Package: pgfcomp-version-1-18 2020/12/27 v3.1.8b (3.1.8b)
)) (/usr/share/texlive/texmf-dist/tex/latex/pgf/utilities/pgffor.sty (/usr/share/texlive/texmf-dist/tex/latex/pgf/utilities/pgfkeys.sty (/usr/share/texlive/texmf-dist/tex/generic/pgf/utilities/pgfkeys.code.tex)) (/usr/share/texlive/texmf-dist/tex/latex/pgf/math/pgfmath.sty (/usr/share/texlive/texmf-dist/tex/generic/pgf/math/pgfmath.code.tex)) (/usr/share/texlive/texmf-dist/tex/generic/pgf/utilities/pgffor.code.tex
Package: pgffor 2020/12/27 v3.1.8b (3.1.8b)
 (/usr/share/texlive/texmf-dist/tex/generic/pgf/math/pgfmath.code.tex)
\pgffor@iter=\dimen197
\pgffor@skip=\dimen198
\pgffor@stack=\toks41
\pgffor@toks=\toks42
))
(/usr/share/texlive/texmf-dist/tex/generic/pgf/frontendlayer/tikz/tikz.code.tex
Package: tikz 2020/12/27 v3.1.8b (3.1.8b)
 (/usr/share/texlive/texmf-dist/tex/generic/pgf/libraries/pgflibraryplothandlers.code.tex
File: pgflibraryplothandlers.code.tex 2020/12/27 v3.1.8b (3.1.8b)
\pgf@plot@mark@count=\count278
\pgfplotmarksize=\dimen199
)
\tikz@lastx=\dimen256
\tikz@lasty=\dimen257
\tikz@lastxsaved=\dimen258
\tikz@lastysaved=\dimen259
\tikz@lastmovetox=\dimen260
\tikz@lastmovetoy=\dimen261
\tikzleveldistance=\dimen262
\tikzsiblingdistance=\dimen263
\tikz@figbox=\box56
\tikz@figbox@bg=\box57
\tikz@tempbox=\box58
\tikz@tempbox@bg=\box59
\tikztreelevel=\count279
\tikznumberofchildren=\count280
\tikznumberofcurrentchild=\count281
\tikz@fig@count=\count282
 (/usr/share/texlive/texmf-dist/tex/generic/pgf/modules/pgfmodulematrix.code.tex
File: pgfmodulematrix.code.tex 2020/12/27 v3.1.8b (3.1.8b)
\pgfmatrixcurrentrow=\count283
\pgfmatrixcurrentcolumn=\count284
\pgf@matrix@numberofcolumns=\count285
)
\tikz@expandcount=\count286
 (/usr/share/texlive/texmf-dist/tex/generic/pgf/frontendlayer/tikz/libraries/tikzlibrarytopaths.code.tex
File: tikzlibrarytopaths.code.tex 2020/12/27 v3.1.8b (3.1.8b)
))) (/usr/share/texlive/texmf-dist/tex/latex/booktabs/booktabs.sty
Package: booktabs 2020/01/12 v1.61803398 Publication quality tables
\heavyrulewidth=\dimen264
\lightrulewidth=\dimen265
\cmidrulewidth=\dimen266
\belowrulesep=\dimen267
\belowbottomsep=\dimen268
\aboverulesep=\dimen269
\abovetopsep=\dimen270
\cmidrulesep=\dimen271
\cmidrulekern=\dimen272
\defaultaddspace=\dimen273
\@cmidla=\count287
\@cmidlb=\count288
\@aboverulesep=\dimen274
\@belowrulesep=\dimen275
\@thisruleclass=\count289
\@lastruleclass=\count290
\@thisrulewidth=\dimen276
) (/usr/share/texlive/texmf-dist/tex/latex/wrapfig/wrapfig.sty
\wrapoverhang=\dimen277
\WF@size=\dimen278
\c@WF@wrappedlines=\count291
\WF@box=\box60
\WF@everypar=\toks43
Package: wrapfig 2003/01/31  v 3.6
) (/usr/share/texlive/texmf-dist/tex/latex/hyperref/hyperref.sty
Package: hyperref 2020-05-15 v7.00e Hypertext links for LaTeX
 (/usr/share/texlive/texmf-dist/tex/generic/ltxcmds/ltxcmds.sty
Package: ltxcmds 2020-05-10 v1.25 LaTeX kernel commands for general use (HO)
) (/usr/share/texlive/texmf-dist/tex/generic/pdftexcmds/pdftexcmds.sty
Package: pdftexcmds 2020-06-27 v0.33 Utility functions of pdfTeX for LuaTeX (HO)
 (/usr/share/texlive/texmf-dist/tex/generic/infwarerr/infwarerr.sty
Package: infwarerr 2019/12/03 v1.5 Providing info/warning/error messages (HO)
)
Package pdftexcmds Info: \pdf@primitive is available.
Package pdftexcmds Info: \pdf@ifprimitive is available.
Package pdftexcmds Info: \pdfdraftmode found.
) (/usr/share/texlive/texmf-dist/tex/generic/kvsetkeys/kvsetkeys.sty
Package: kvsetkeys 2019/12/15 v1.18 Key value parser (HO)
) (/usr/share/texlive/texmf-dist/tex/generic/kvdefinekeys/kvdefinekeys.sty
Package: kvdefinekeys 2019-12-19 v1.6 Define keys (HO)
) (/usr/share/texlive/texmf-dist/tex/generic/pdfescape/pdfescape.sty
Package: pdfescape 2019/12/09 v1.15 Implements pdfTeX's escape features (HO)
) (/usr/share/texlive/texmf-dist/tex/latex/hycolor/hycolor.sty
Package: hycolor 2020-01-27 v1.10 Color options for hyperref/bookmark (HO)
) (/usr/share/texlive/texmf-dist/tex/latex/letltxmacro/letltxmacro.sty
Package: letltxmacro 2019/12/03 v1.6 Let assignment for LaTeX macros (HO)
) (/usr/share/texlive/texmf-dist/tex/latex/auxhook/auxhook.sty
Package: auxhook 2019-12-17 v1.6 Hooks for auxiliary files (HO)
) (/usr/share/texlive/texmf-dist/tex/latex/kvoptions/kvoptions.sty
Package: kvoptions 2020-10-07 v3.14 Key value format for package options (HO)
)
\@linkdim=\dimen279
\Hy@linkcounter=\count292
\Hy@pagecounter=\count293
 (/usr/share/texlive/texmf-dist/tex/latex/hyperref/pd1enc.def
File: pd1enc.def 2020-05-15 v7.00e Hyperref: PDFDocEncoding definition (HO)
Now handling font encoding PD1 ...
... no UTF-8 mapping file for font encoding PD1
) (/usr/share/texlive/texmf-dist/tex/generic/intcalc/intcalc.sty
Package: intcalc 2019/12/15 v1.3 Expandable calculations with integers (HO)
) (/usr/share/texlive/texmf-dist/tex/generic/etexcmds/etexcmds.sty
Package: etexcmds 2019/12/15 v1.7 Avoid name clashes with e-TeX commands (HO)
)
\Hy@SavedSpaceFactor=\count294
Package hyperref Info: Hyper figures OFF on input line 4464.
Package hyperref Info: Link nesting OFF on input line 4469.
Package hyperref Info: Hyper index ON on input line 4472.
Package hyperref Info: Plain pages OFF on input line 4479.
Package hyperref Info: Backreferencing OFF on input line 4484.
Package hyperref Info: Implicit mode ON; LaTeX internals redefined.
Package hyperref Info: Bookmarks ON on input line 4717.
\c@Hy@tempcnt=\count295
 (/usr/share/texlive/texmf-dist/tex/latex/url/url.sty
\Urlmuskip=\muskip17
Package: url 2013/09/16  ver 3.4  Verb mode for urls, etc.
)
LaTeX Info: Redefining \url on input line 5076.
\XeTeXLinkMargin=\dimen280
 (/usr/share/texlive/texmf-dist/tex/generic/bitset/bitset.sty
Package: bitset 2019/12/09 v1.3 Handle bit-vector datatype (HO)
 (/usr/share/texlive/texmf-dist/tex/generic/bigintcalc/bigintcalc.sty
Package: bigintcalc 2019/12/15 v1.5 Expandable calculations on big integers (HO)
))
\Fld@menulength=\count296
\Field@Width=\dimen281
\Fld@charsize=\dimen282
Package hyperref Info: Hyper figures OFF on input line 6347.
Package hyperref Info: Link nesting OFF on input line 6352.
Package hyperref Info: Hyper index ON on input line 6355.
Package hyperref Info: backreferencing OFF on input line 6362.
Package hyperref Info: Link coloring OFF on input line 6367.
Package hyperref Info: Link coloring with OCG OFF on input line 6372.
Package hyperref Info: PDF/A mode OFF on input line 6377.
LaTeX Info: Redefining \ref on input line 6417.
LaTeX Info: Redefining \pageref on input line 6421.
 (/usr/share/texlive/texmf-dist/tex/latex/base/atbegshi-ltx.sty
Package: atbegshi-ltx 2020/08/17 v1.0a Emulation of the original atbegshi package
with kernel methods
)
\Hy@abspage=\count297
\c@Item=\count298
\c@Hfootnote=\count299
)
Package hyperref Info: Driver (autodetected): hpdftex.
 (/usr/share/texlive/texmf-dist/tex/latex/hyperref/hpdftex.def
File: hpdftex.def 2020-05-15 v7.00e Hyperref driver for pdfTeX
 (/usr/share/texlive/texmf-dist/tex/latex/base/atveryend-ltx.sty
Package: atveryend-ltx 2020/08/19 v1.0a Emulation of the original atvery package
with kernel methods
)
\Fld@listcount=\count300
\c@bookmark@seq@number=\count301
 (/usr/share/texlive/texmf-dist/tex/latex/rerunfilecheck/rerunfilecheck.sty
Package: rerunfilecheck 2019/12/05 v1.9 Rerun checks for auxiliary files (HO)
 (/usr/share/texlive/texmf-dist/tex/generic/uniquecounter/uniquecounter.sty
Package: uniquecounter 2019/12/15 v1.4 Provide unlimited unique counter (HO)
)
Package uniquecounter Info: New unique counter `rerunfilecheck' on input line 286.
)
\Hy@SectionHShift=\skip55
)
(/usr/share/texlive/texmf-dist/tex/latex/mathpartir/mathpartir.sty
Package: mathpartir 2016/02/24 version 1.3.2 Math Paragraph for Typesetting Inference Rules
\mpr@andskip=\skip56
\mpr@lista=\toks44
\mpr@listb=\toks45
\mpr@hlist=\box61
\mpr@vlist=\box62
\mpr@right=\box63
) (/usr/share/texlive/texmf-dist/tex/latex/listings/listings.sty
\lst@mode=\count302
\lst@gtempboxa=\box64
\lst@token=\toks46
\lst@length=\count303
\lst@currlwidth=\dimen283
\lst@column=\count304
\lst@pos=\count305
\lst@lostspace=\dimen284
\lst@width=\dimen285
\lst@newlines=\count306
\lst@lineno=\count307
\lst@maxwidth=\dimen286
 (/usr/share/texlive/texmf-dist/tex/latex/listings/lstmisc.sty
File: lstmisc.sty 2020/03/24 1.8d (Carsten Heinz)
\c@lstnumber=\count308
\lst@skipnumbers=\count309
\lst@framebox=\box65
) (/usr/share/texlive/texmf-dist/tex/latex/listings/listings.cfg
File: listings.cfg 2020/03/24 1.8d listings configuration
))
Package: listings 2020/03/24 1.8d (Carsten Heinz)
 (/usr/share/texlive/texmf-dist/tex/latex/fancyhdr/fancyhdr.sty
Package: fancyhdr 2021/01/04 v4.0 Extensive control of page headers and footers
\f@nch@headwidth=\skip57
\f@nch@O@elh=\skip58
\f@nch@O@erh=\skip59
\f@nch@O@olh=\skip60
\f@nch@O@orh=\skip61
\f@nch@O@elf=\skip62
\f@nch@O@erf=\skip63
\f@nch@O@olf=\skip64
\f@nch@O@orf=\skip65
) (/usr/share/texlive/texmf-dist/tex/latex/pythonhighlight/pythonhighlight.sty
Package: pythonhighlight 2017/02/09 python code highlighting; provided by Olivier Verdier <olivier.verdier@gmail.com>
) (/usr/share/texlive/texmf-dist/tex/generic/pgf/frontendlayer/tikz/libraries/tikzlibraryautomata.code.tex
File: tikzlibraryautomata.code.tex 2020/12/27 v3.1.8b (3.1.8b)
 (/usr/share/texlive/texmf-dist/tex/generic/pgf/frontendlayer/tikz/libraries/tikzlibraryshapes.multipart.code.tex
File: tikzlibraryshapes.multipart.code.tex 2020/12/27 v3.1.8b (3.1.8b)
 (/usr/share/texlive/texmf-dist/tex/generic/pgf/libraries/shapes/pgflibraryshapes.multipart.code.tex
File: pgflibraryshapes.multipart.code.tex 2020/12/27 v3.1.8b (3.1.8b)
\pgfnodepartlowerbox=\box66
\pgfnodeparttwobox=\box67
\pgfnodepartthreebox=\box68
\pgfnodepartfourbox=\box69
\pgfnodeparttwentybox=\box70
\pgfnodepartnineteenbox=\box71
\pgfnodeparteighteenbox=\box72
\pgfnodepartseventeenbox=\box73
\pgfnodepartsixteenbox=\box74
\pgfnodepartfifteenbox=\box75
\pgfnodepartfourteenbox=\box76
\pgfnodepartthirteenbox=\box77
\pgfnodeparttwelvebox=\box78
\pgfnodepartelevenbox=\box79
\pgfnodeparttenbox=\box80
\pgfnodepartninebox=\box81
\pgfnodeparteightbox=\box82
\pgfnodepartsevenbox=\box83
\pgfnodepartsixbox=\box84
\pgfnodepartfivebox=\box85
))) (/usr/share/texlive/texmf-dist/tex/generic/pgf/frontendlayer/tikz/libraries/tikzlibrarypositioning.code.tex
File: tikzlibrarypositioning.code.tex 2020/12/27 v3.1.8b (3.1.8b)
) (/usr/share/texlive/texmf-dist/tex/generic/pgf/frontendlayer/tikz/libraries/tikzlibraryarrows.code.tex
File: tikzlibraryarrows.code.tex 2020/12/27 v3.1.8b (3.1.8b)
 (/usr/share/texlive/texmf-dist/tex/generic/pgf/libraries/pgflibraryarrows.code.tex
File: pgflibraryarrows.code.tex 2020/12/27 v3.1.8b (3.1.8b)
\arrowsize=\dimen287
)) (/usr/share/texlive/texmf-dist/tex/latex/l3backend/l3backend-pdftex.def
File: l3backend-pdftex.def 2020-01-29 L3 backend support: PDF output (pdfTeX)
\l__color_backend_stack_int=\count310
\l__pdf_internal_box=\box86
) (./HW2.aux)
\openout1 = `HW2.aux'.

LaTeX Font Info:    Checking defaults for OML/cmm/m/it on input line 31.
LaTeX Font Info:    ... okay on input line 31.
LaTeX Font Info:    Checking defaults for OMS/cmsy/m/n on input line 31.
LaTeX Font Info:    ... okay on input line 31.
LaTeX Font Info:    Checking defaults for OT1/cmr/m/n on input line 31.
LaTeX Font Info:    ... okay on input line 31.
LaTeX Font Info:    Checking defaults for T1/cmr/m/n on input line 31.
LaTeX Font Info:    ... okay on input line 31.
LaTeX Font Info:    Checking defaults for TS1/cmr/m/n on input line 31.
LaTeX Font Info:    ... okay on input line 31.
LaTeX Font Info:    Checking defaults for OMX/cmex/m/n on input line 31.
LaTeX Font Info:    ... okay on input line 31.
LaTeX Font Info:    Checking defaults for U/cmr/m/n on input line 31.
LaTeX Font Info:    ... okay on input line 31.
LaTeX Font Info:    Checking defaults for PD1/pdf/m/n on input line 31.
LaTeX Font Info:    ... okay on input line 31.

*geometry* driver: auto-detecting
*geometry* detected driver: pdftex
*geometry* verbose mode - [ preamble ] result:
* driver: pdftex
* paper: <default>
* layout: <same size as paper>
* layoutoffset:(h,v)=(0.0pt,0.0pt)
* modes: 
* h-part:(L,W,R)=(72.26999pt, 469.75502pt, 72.26999pt)
* v-part:(T,H,B)=(72.26999pt, 650.43001pt, 72.26999pt)
* \paperwidth=614.295pt
* \paperheight=794.96999pt
* \textwidth=469.75502pt
* \textheight=650.43001pt
* \oddsidemargin=0.0pt
* \evensidemargin=0.0pt
* \topmargin=-37.0pt
* \headheight=12.0pt
* \headsep=25.0pt
* \topskip=10.0pt
* \footskip=30.0pt
* \marginparwidth=65.0pt
* \marginparsep=11.0pt
* \columnsep=10.0pt
* \skip\footins=9.0pt plus 4.0pt minus 2.0pt
* \hoffset=0.0pt
* \voffset=0.0pt
* \mag=1000
* \@twocolumnfalse
* \@twosidefalse
* \@mparswitchfalse
* \@reversemarginfalse
* (1in=72.27pt=25.4mm, 1cm=28.453pt)

(/usr/share/texlive/texmf-dist/tex/context/base/mkii/supp-pdf.mkii
[Loading MPS to PDF converter (version 2006.09.02).]
\scratchcounter=\count311
\scratchdimen=\dimen288
\scratchbox=\box87
\nofMPsegments=\count312
\nofMParguments=\count313
\everyMPshowfont=\toks47
\MPscratchCnt=\count314
\MPscratchDim=\dimen289
\MPnumerator=\count315
\makeMPintoPDFobject=\count316
\everyMPtoPDFconversion=\toks48
) (/usr/share/texlive/texmf-dist/tex/latex/epstopdf-pkg/epstopdf-base.sty
Package: epstopdf-base 2020-01-24 v2.11 Base part for package epstopdf
Package epstopdf-base Info: Redefining graphics rule for `.eps' on input line 485.
 (/usr/share/texlive/texmf-dist/tex/latex/latexconfig/epstopdf-sys.cfg
File: epstopdf-sys.cfg 2010/07/13 v1.3 Configuration of (r)epstopdf for TeX Live
))
Package hyperref Info: Link coloring OFF on input line 31.
 (/usr/share/texlive/texmf-dist/tex/latex/hyperref/nameref.sty
Package: nameref 2019/09/16 v2.46 Cross-referencing by name of section
 (/usr/share/texlive/texmf-dist/tex/latex/refcount/refcount.sty
Package: refcount 2019/12/15 v3.6 Data extraction from label references (HO)
) (/usr/share/texlive/texmf-dist/tex/generic/gettitlestring/gettitlestring.sty
Package: gettitlestring 2019/12/15 v1.6 Cleanup title references (HO)
)
\c@section@level=\count317
)
LaTeX Info: Redefining \ref on input line 31.
LaTeX Info: Redefining \pageref on input line 31.
LaTeX Info: Redefining \nameref on input line 31.
 (./HW2.out) (./HW2.out)
\@outlinefile=\write4
\openout4 = `HW2.out'.

\c@lstlisting=\count318
 (/usr/share/texlive/texmf-dist/tex/latex/listings/lstlang1.sty
File: lstlang1.sty 2020/03/24 1.8d listings language file
)
LaTeX Font Info:    Font shape `OT1/cmtt/bx/n' in size <8> not available
(Font)              Font shape `OT1/cmtt/m/n' tried instead on input line 46.
 [1

{/var/lib/texmf/fonts/map/pdftex/updmap/pdftex.map}]
<task01.png, id=124, 665.48625pt x 215.80624pt>
File: task01.png Graphic file (type png)
<use task01.png>
Package pdftex.def Info: task01.png  used on input line 145.
(pdftex.def)             Requested size: 452.52466pt x 146.74629pt.
 [2]
<task01_2.png, id=184, 663.47874pt x 276.03125pt>
File: task01_2.png Graphic file (type png)
<use task01_2.png>
Package pdftex.def Info: task01_2.png  used on input line 204.
(pdftex.def)             Requested size: 451.15958pt x 187.69876pt.
 [3 <./task01.png>]
<task02_plain.png, id=200, 661.47125pt x 81.30376pt>
File: task02_plain.png Graphic file (type png)
<use task02_plain.png>
Package pdftex.def Info: task02_plain.png  used on input line 236.
(pdftex.def)             Requested size: 449.7945pt x 55.28581pt.
 [4 <./task01_2.png> <./task02_plain.png>]
<task02_1.png, id=208, 662.475pt x 120.45pt>
File: task02_1.png Graphic file (type png)
<use task02_1.png>
Package pdftex.def Info: task02_1.png  used on input line 257.
(pdftex.def)             Requested size: 450.47705pt x 81.9049pt.
<task02_2.png, id=209, 666.49pt x 135.50626pt>
File: task02_2.png Graphic file (type png)
<use task02_2.png>
Package pdftex.def Info: task02_2.png  used on input line 263.
(pdftex.def)             Requested size: 453.2072pt x 92.14302pt.
<task02_3.png, id=210, 665.48625pt x 134.5025pt>
File: task02_3.png Graphic file (type png)
<use task02_3.png>
Package pdftex.def Info: task02_3.png  used on input line 269.
(pdftex.def)             Requested size: 452.52466pt x 91.46046pt.
<task02_4.png, id=211, 663.47874pt x 134.5025pt>
File: task02_4.png Graphic file (type png)
<use task02_4.png>
Package pdftex.def Info: task02_4.png  used on input line 287.
(pdftex.def)             Requested size: 451.15958pt x 91.46046pt.
<task02_5.png, id=212, 664.4825pt x 150.5625pt>
File: task02_5.png Graphic file (type png)
<use task02_5.png>
Package pdftex.def Info: task02_5.png  used on input line 293.
(pdftex.def)             Requested size: 451.84212pt x 102.38113pt.
 [5 <./task02_1.png> <./task02_2.png> <./task02_3.png>]
<task02_6.png, id=224, 664.4825pt x 136.51pt>
File: task02_6.png Graphic file (type png)
<use task02_6.png>
Package pdftex.def Info: task02_6.png  used on input line 306.
(pdftex.def)             Requested size: 451.84212pt x 92.82556pt.
<task02_9.png, id=225, 663.47874pt x 150.5625pt>
File: task02_9.png Graphic file (type png)
<use task02_9.png>
Package pdftex.def Info: task02_9.png  used on input line 317.
(pdftex.def)             Requested size: 451.15958pt x 102.38113pt.
<task02_7.png, id=226, 663.47874pt x 134.5025pt>
File: task02_7.png Graphic file (type png)
<use task02_7.png>
Package pdftex.def Info: task02_7.png  used on input line 323.
(pdftex.def)             Requested size: 451.15958pt x 91.46046pt.
 [6 <./task02_4.png> <./task02_5.png> <./task02_6.png> <./task02_9.png>]
<task02_8.png, id=239, 665.48625pt x 149.55875pt>
File: task02_8.png Graphic file (type png)
<use task02_8.png>
Package pdftex.def Info: task02_8.png  used on input line 346.
(pdftex.def)             Requested size: 452.52466pt x 101.6986pt.
<task02_10.png, id=240, 663.47874pt x 149.55875pt>
File: task02_10.png Graphic file (type png)
<use task02_10.png>
Package pdftex.def Info: task02_10.png  used on input line 355.
(pdftex.def)             Requested size: 451.15958pt x 101.6986pt.
<task02_11.png, id=241, 662.475pt x 149.55875pt>
File: task02_11.png Graphic file (type png)
<use task02_11.png>
Package pdftex.def Info: task02_11.png  used on input line 361.
(pdftex.def)             Requested size: 450.47705pt x 101.6986pt.
 [7 <./task02_7.png> <./task02_8.png> <./task02_10.png>]
<pic_original.png, id=253, 461.725pt x 134.5025pt>
File: pic_original.png Graphic file (type png)
<use pic_original.png>
Package pdftex.def Info: pic_original.png  used on input line 384.
(pdftex.def)             Requested size: 313.96884pt x 91.46046pt.
<task03_header.png, id=254, 662.475pt x 124.465pt>
File: task03_header.png Graphic file (type png)
<use task03_header.png>
Package pdftex.def Info: task03_header.png  used on input line 393.
(pdftex.def)             Requested size: 450.47705pt x 84.63507pt.
 [8 <./task02_11.png> <./pic_original.png> <./task03_header.png>]
<task03_des.png, id=265, 665.48625pt x 75.28125pt>
File: task03_des.png Graphic file (type png)
<use task03_des.png>
Package pdftex.def Info: task03_des.png  used on input line 406.
(pdftex.def)             Requested size: 452.52466pt x 51.19055pt.
<des_ecb.png, id=266, 461.725pt x 134.5025pt>
File: des_ecb.png Graphic file (type png)
<use des_ecb.png>
Package pdftex.def Info: des_ecb.png  used on input line 414.
(pdftex.def)             Requested size: 313.96884pt x 91.46046pt.
<task03_des_2.png, id=267, 672.5125pt x 74.2775pt>
File: task03_des_2.png Graphic file (type png)
<use task03_des_2.png>
Package pdftex.def Info: task03_des_2.png  used on input line 421.
(pdftex.def)             Requested size: 457.30244pt x 50.50803pt.
<des_cbc.png, id=268, 461.725pt x 134.5025pt>
File: des_cbc.png Graphic file (type png)
<use des_cbc.png>
Package pdftex.def Info: des_cbc.png  used on input line 429.
(pdftex.def)             Requested size: 313.96884pt x 91.46046pt.
<IIT.jpg, id=269, 417.56pt x 417.56pt>
File: IIT.jpg Graphic file (type jpg)
<use IIT.jpg>
Package pdftex.def Info: IIT.jpg  used on input line 447.
(pdftex.def)             Requested size: 283.93703pt x 283.93703pt.
 [9 <./task03_des.png> <./des_ecb.png> <./task03_des_2.png> <./des_cbc.png>]
<task03_1_header.png, id=281, 671.50874pt x 44.165pt>
File: task03_1_header.png Graphic file (type png)
<use task03_1_header.png>
Package pdftex.def Info: task03_1_header.png  used on input line 457.
(pdftex.def)             Requested size: 456.6199pt x 30.03178pt.
<task03_1_des.png, id=282, 671.50874pt x 58.2175pt>
File: task03_1_des.png Graphic file (type png)
<use task03_1_des.png>
Package pdftex.def Info: task03_1_des.png  used on input line 470.
(pdftex.def)             Requested size: 456.6199pt x 39.58736pt.
<iit_ecb.png, id=283, 417.56pt x 417.56pt>
File: iit_ecb.png Graphic file (type png)
<use iit_ecb.png>
Package pdftex.def Info: iit_ecb.png  used on input line 478.
(pdftex.def)             Requested size: 283.93703pt x 283.93703pt.
<task03_1_des_2.png, id=284, 672.5125pt x 75.28125pt>
File: task03_1_des_2.png Graphic file (type png)
<use task03_1_des_2.png>
Package pdftex.def Info: task03_1_des_2.png  used on input line 485.
(pdftex.def)             Requested size: 457.30244pt x 51.19055pt.
 [10 <./IIT.jpg> <./task03_1_header.png> <./task03_1_des.png>]
<iit_cbc.png, id=294, 418.56375pt x 415.5525pt>
File: iit_cbc.png Graphic file (type png)
<use iit_cbc.png>
Package pdftex.def Info: iit_cbc.png  used on input line 493.
(pdftex.def)             Requested size: 284.61957pt x 282.57196pt.
<task04_plaintext_files.png, id=295, 672.5125pt x 121.45375pt>
File: task04_plaintext_files.png Graphic file (type png)
<use task04_plaintext_files.png>
Package pdftex.def Info: task04_plaintext_files.png  used on input line 515.
(pdftex.def)             Requested size: 457.30244pt x 82.58743pt.
 [11 <./iit_ecb.png> <./task03_1_des_2.png>]
<task04_1_ecb.png, id=304, 664.4825pt x 92.345pt>
File: task04_1_ecb.png Graphic file (type png)
<use task04_1_ecb.png>
Package pdftex.def Info: task04_1_ecb.png  used on input line 533.
(pdftex.def)             Requested size: 451.84212pt x 62.79375pt.
<task04_1_cbc.png, id=305, 665.48625pt x 106.3975pt>
File: task04_1_cbc.png Graphic file (type png)
<use task04_1_cbc.png>
Package pdftex.def Info: task04_1_cbc.png  used on input line 539.
(pdftex.def)             Requested size: 452.52466pt x 72.34933pt.
<task04_1_cfb.png, id=306, 665.48625pt x 106.3975pt>
File: task04_1_cfb.png Graphic file (type png)
<use task04_1_cfb.png>
Package pdftex.def Info: task04_1_cfb.png  used on input line 545.
(pdftex.def)             Requested size: 452.52466pt x 72.34933pt.
<task04_1_ofb.png, id=307, 665.48625pt x 105.39375pt>
File: task04_1_ofb.png Graphic file (type png)
<use task04_1_ofb.png>
Package pdftex.def Info: task04_1_ofb.png  used on input line 551.
(pdftex.def)             Requested size: 452.52466pt x 71.66678pt.
<task04_cfb.png, id=308, 576.1525pt x 216.81pt>
File: task04_cfb.png Graphic file (type png)
<use task04_cfb.png>
Package pdftex.def Info: task04_cfb.png  used on input line 561.
(pdftex.def)             Requested size: 460.9226pt x 173.44823pt.
<task04_ofb.png, id=311, 562.1pt x 215.80624pt>
File: task04_ofb.png Graphic file (type png)
<use task04_ofb.png>
Package pdftex.def Info: task04_ofb.png  used on input line 569.
(pdftex.def)             Requested size: 449.68062pt x 172.64522pt.
 [12 <./iit_cbc.png> <./task04_plaintext_files.png>]

LaTeX Warning: Text page 13 contains only floats.

[13 <./task04_1_ecb.png> <./task04_1_cbc.png> <./task04_1_cfb.png> <./task04_1_ofb.png> <./task04_cfb.png>]
<task04_2_e1.png, id=343, 664.4825pt x 108.405pt>
File: task04_2_e1.png Graphic file (type png)
<use task04_2_e1.png>
Package pdftex.def Info: task04_2_e1.png  used on input line 593.
(pdftex.def)             Requested size: 451.84212pt x 73.71442pt.
<task04_2_e2.png, id=344, 664.4825pt x 106.3975pt>
File: task04_2_e2.png Graphic file (type png)
<use task04_2_e2.png>
Package pdftex.def Info: task04_2_e2.png  used on input line 599.
(pdftex.def)             Requested size: 451.84212pt x 72.34933pt.
<task04_2_e3.png, id=345, 666.49pt x 121.45375pt>
File: task04_2_e3.png Graphic file (type png)
<use task04_2_e3.png>
Package pdftex.def Info: task04_2_e3.png  used on input line 605.
(pdftex.def)             Requested size: 453.2072pt x 82.58743pt.
<task04_2_d1.png, id=346, 663.47874pt x 153.57375pt>
File: task04_2_d1.png Graphic file (type png)
<use task04_2_d1.png>
Package pdftex.def Info: task04_2_d1.png  used on input line 620.
(pdftex.def)             Requested size: 451.15958pt x 104.42876pt.
<task04_2_d2.png, id=347, 664.4825pt x 153.57375pt>
File: task04_2_d2.png Graphic file (type png)
<use task04_2_d2.png>
Package pdftex.def Info: task04_2_d2.png  used on input line 630.
(pdftex.def)             Requested size: 451.84212pt x 104.42876pt.
<task04_2_d3.png, id=348, 662.475pt x 180.675pt>
File: task04_2_d3.png Graphic file (type png)
<use task04_2_d3.png>
Package pdftex.def Info: task04_2_d3.png  used on input line 640.
(pdftex.def)             Requested size: 450.47705pt x 122.85736pt.
 [14 <./task04_ofb.png> <./task04_2_e1.png> <./task04_2_e2.png>] [15 <./task04_2_e3.png> <./task04_2_d1.png> <./task04_2_d2.png> <./task04_2_d3.png>] [16] (/usr/share/texlive/texmf-dist/tex/latex/listings/lstlang1.sty
File: lstlang1.sty 2020/03/24 1.8d listings language file
) (/usr/share/texlive/texmf-dist/tex/latex/listings/lstlang1.sty
File: lstlang1.sty 2020/03/24 1.8d listings language file
)
<task05_ecb.png, id=411, 643.40375pt x 197.73875pt>
File: task05_ecb.png Graphic file (type png)
<use task05_ecb.png>
Package pdftex.def Info: task05_ecb.png  used on input line 782.
(pdftex.def)             Requested size: 437.50876pt x 134.46057pt.
<task05_cbc.png, id=412, 643.40375pt x 196.735pt>
File: task05_cbc.png Graphic file (type png)
<use task05_cbc.png>
Package pdftex.def Info: task05_cbc.png  used on input line 788.
(pdftex.def)             Requested size: 437.50876pt x 133.77802pt.
<task05_cfb.png, id=413, 643.40375pt x 194.7275pt>
File: task05_cfb.png Graphic file (type png)
<use task05_cfb.png>
Package pdftex.def Info: task05_cfb.png  used on input line 794.
(pdftex.def)             Requested size: 437.50876pt x 132.41293pt.
<task05_ofb.png, id=414, 644.4075pt x 195.73125pt>
File: task05_ofb.png Graphic file (type png)
<use task05_ofb.png>
Package pdftex.def Info: task05_ofb.png  used on input line 800.
(pdftex.def)             Requested size: 438.1913pt x 133.09547pt.
 [17 <./task05_ecb.png>] [18 <./task05_cbc.png> <./task05_cfb.png> <./task05_ofb.png>]
<task06_1_1.png, id=474, 644.4075pt x 119.44624pt>
File: task06_1_1.png Graphic file (type png)
<use task06_1_1.png>
Package pdftex.def Info: task06_1_1.png  used on input line 828.
(pdftex.def)             Requested size: 438.1913pt x 81.22235pt.
<task06_1_2.png, id=475, 644.4075pt x 121.45375pt>
File: task06_1_2.png Graphic file (type png)
<use task06_1_2.png>
Package pdftex.def Info: task06_1_2.png  used on input line 836.
(pdftex.def)             Requested size: 438.1913pt x 82.58743pt.
File: task06_1_1.png Graphic file (type png)
<use task06_1_1.png>
Package pdftex.def Info: task06_1_1.png  used on input line 842.
(pdftex.def)             Requested size: 438.1913pt x 81.22235pt.
 [19 <./task06_1_1.png> <./task06_1_2.png>] [20]
<task06_3.png, id=530, 656.4525pt x 108.405pt>
File: task06_3.png Graphic file (type png)
<use task06_3.png>
Package pdftex.def Info: task06_3.png  used on input line 928.
(pdftex.def)             Requested size: 446.38179pt x 73.71442pt.
 [21 <./task06_3.png>] [22]
<task07.png, id=656, 664.4825pt x 75.28125pt>
File: task07.png Graphic file (type png)
<use task07.png>
Package pdftex.def Info: task07.png  used on input line 1062.
(pdftex.def)             Requested size: 451.84212pt x 51.19055pt.
 [23 <./task07.png>] (./HW2.aux)
Package rerunfilecheck Info: File `HW2.out' has not changed.
(rerunfilecheck)             Checksum: 2F8D3DB013CAB058E4C961822D2483AD;1294.
 ) 
Here is how much of TeX's memory you used:
 21386 strings out of 479304
 400522 string characters out of 5869779
 1353628 words of memory out of 5000000
 37726 multiletter control sequences out of 15000+600000
 409999 words of font info for 51 fonts, out of 8000000 for 9000
 1141 hyphenation exceptions out of 8191
 113i,12n,116p,453b,2330s stack positions out of 5000i,500n,10000p,200000b,80000s
{/usr/share/texmf/fonts/enc/dvips/cm-super/cm-super-ts1.enc}</usr/share/texlive/texmf-dist/fonts/type1/public/amsfonts/cm/cmbx10.pfb></usr/share/texlive/texmf-dist/fonts/type1/public/amsfonts/cm/cmbx12.pfb></usr/share/texlive/texmf-dist/fonts/type1/public/amsfonts/cm/cmr10.pfb></usr/share/texlive/texmf-dist/fonts/type1/public/amsfonts/cm/cmr12.pfb></usr/share/texlive/texmf-dist/fonts/type1/public/amsfonts/cm/cmr17.pfb></usr/share/texlive/texmf-dist/fonts/type1/public/amsfonts/cm/cmr6.pfb></usr/share/texlive/texmf-dist/fonts/type1/public/amsfonts/cm/cmr7.pfb></usr/share/texlive/texmf-dist/fonts/type1/public/amsfonts/cm/cmr8.pfb></usr/share/texlive/texmf-dist/fonts/type1/public/amsfonts/cm/cmsltt10.pfb></usr/share/texlive/texmf-dist/fonts/type1/public/amsfonts/cm/cmti10.pfb></usr/share/texlive/texmf-dist/fonts/type1/public/amsfonts/cm/cmtt10.pfb></usr/share/texlive/texmf-dist/fonts/type1/public/amsfonts/cm/cmtt8.pfb></usr/share/texmf/fonts/type1/public/cm-super/sfrm1000.pfb>
Output written on HW2.pdf (23 pages, 1371306 bytes).
PDF statistics:
 794 PDF objects out of 1000 (max. 8388607)
 658 compressed objects within 7 object streams
 418 named destinations out of 1000 (max. 500000)
 376 words of extra memory for PDF output out of 10000 (max. 10000000)

